915 null
772 
343 
847 null
840 null
839 null
710 
833 null
416 
831 null
827 null
826 null
825 null
822 null
819 null
817 null
813 null
812 null
810 null
808 null
807 null
806 null
804 null
801 null
797 null
796 null
792 null
783 null
782 null
777 null
772 null
771 null
770 null
769 null
765 null
745 
754 null
87 
749 null
745 null
744 null
743 null
742 null
739 null
737 null
736 null
735 null
842 
731 null
730 null
727 null
726 null
724 null
719 null
718 null
715 null
711 null
709 null
708 null
702 null
700 null
698 null
695 null
686 null
680 null
674 null
673 null
669 null
666 null
664 null
660 null
657 null
654 null
653 null
651 null
647 null
646 null
643 null
642 null
634 null
633 null
281 
622 null
620 null
619 null
612 null
611 null
610 null
608 null
605 null
603 null
602 null
600 null
598 null
596 null
214 
593 null
976 
175 
583 null
581 null
753 
575 null
574 null
572 null
317 
566 null
560 null
554 null
552 null
551 null
543 null
539 null
533 null
532 null
531 null
528 null
522 null
200 
514 null
246 
510 null
503 null
502 null
16 
495 null
493 null
486 null
485 null
481 null
477 null
476 null
468 null
466 null
464 null
457 null
456 null
450 null
449 null
443 null
441 null
439 null
436 null
87 
430 null
426 null
883 
422 null
421 null
418 null
417 null
128 
413 null
411 null
410 null
409 null
546 
401 null
398 null
396 null
857 
380 null
378 null
546 
371 null
369 null
368 null
367 null
365 null
363 null
362 null
52 
359 null
358 null
357 null
355 null
354 null
11 
347 null
346 null
345 null
338 null
337 null
336 null
334 null
343 
324 null
319 null
2 
313 null
311 null
310 null
305 null
303 null
296 null
832 842 
291 null
289 null
283 null
282 null
426 
273 null
687 
265 null
706 
263 null
825 
257 null
254 null
252 null
381 
247 null
187 
238 null
237 null
236 null
234 null
225 null
222 null
218 null
748 
600 
203 null
200 null
198 null
194 null
190 null
189 null
186 null
185 null
177 null
176 null
173 null
172 null
171 null
169 400 
162 null
779 
151 null
54 
146 null
896 
141 null
826 
139 null
137 null
131 
127 null
465 
842 
121 null
52 
112 null
108 null
106 null
105 null
210 
97 null
94 null
92 null
90 null
89 null
88 null
781 
218 
77 null
75 null
69 null
63 null
62 null
60 null
981 
981 
53 null
46 null
45 null
43 null
42 null
40 null
39 null
613 
30 null
913 
25 null
24 null
23 null
21 null
302 742 
17 null
9 null
6 null
3 null
0 null
